<?xml version="1.0" encoding="UTF-8"?>
<!-- Generated by org.testng.reporters.JUnitXMLReporter -->
<testsuite ignored="0" hostname="DESKTOP-O2DKLUF" failures="0" tests="4" name="Surefire test" time="0.089" errors="0" timestamp="2025-03-01T11:52:26 IST">
  <testcase classname="Maven1Practice.OrgTest" name="createOrgTest" time="0.008"/>
  <testcase classname="Maven1Practice.OrgTest" name="modifyOrgTest" time="0.002"/>
  <testcase classname="MavenPractice.ContactTest" name="createContactTest" time="0.001"/>
  <testcase classname="MavenPractice.ContactTest" name="modifyContactTest" time="0.001"/>
</testsuite> <!-- Surefire test -->
