<?xml version="1.0" encoding="UTF-8"?>
<testng-results ignored="0" total="2" passed="2" failed="0" skipped="0">
  <reporter-output>
  </reporter-output>
  <suite started-at="2025-03-03T16:15:46 IST" name="Suite" finished-at="2025-03-03T16:15:46 IST" duration-ms="60">
    <groups>
    </groups>
    <test started-at="2025-03-03T16:15:46 IST" name="Test" finished-at="2025-03-03T16:15:46 IST" duration-ms="60">
      <class name="Maven1Practice.OrgTest">
        <test-method signature="createOrgTest()[pri:0, instance:Maven1Practice.OrgTest@6a28ffa4]" started-at="2025-03-03T16:15:46 IST" name="createOrgTest" finished-at="2025-03-03T16:15:46 IST" duration-ms="7" status="PASS">
          <reporter-output>
          </reporter-output>
        </test-method> <!-- createOrgTest -->
        <test-method signature="modifyOrgTest()[pri:0, instance:Maven1Practice.OrgTest@6a28ffa4]" started-at="2025-03-03T16:15:46 IST" name="modifyOrgTest" finished-at="2025-03-03T16:15:46 IST" duration-ms="0" status="PASS">
          <reporter-output>
          </reporter-output>
        </test-method> <!-- modifyOrgTest -->
      </class> <!-- Maven1Practice.OrgTest -->
    </test> <!-- Test -->
  </suite> <!-- Suite -->
</testng-results>
